c:\users\dpthf\documents\github\opengl\컴그실습\컴그실습\debug\vc141.pdb
c:\users\dpthf\documents\github\opengl\컴그실습\컴그실습\debug\vc141.idb
c:\users\dpthf\documents\github\opengl\컴그실습\컴그실습\debug\실습20.obj
c:\users\dpthf\documents\github\opengl\컴그실습\컴그실습\debug\실습21.obj
c:\users\dpthf\documents\github\opengl\컴그실습\컴그실습\debug\실습17.obj
c:\users\dpthf\documents\github\opengl\컴그실습\컴그실습\debug\실습18.obj
c:\users\dpthf\documents\github\opengl\컴그실습\컴그실습\debug\소스.obj
c:\users\dpthf\documents\github\opengl\컴그실습\컴그실습\debug\실습22.obj
c:\users\dpthf\documents\github\opengl\컴그실습\컴그실습\debug\실습23.obj
c:\users\dpthf\documents\github\opengl\컴그실습\컴그실습\debug\실습24.obj
c:\users\dpthf\documents\github\opengl\컴그실습\컴그실습\debug\실습27.obj
c:\users\dpthf\documents\github\opengl\컴그실습\debug\컴그실습.exe
c:\users\dpthf\documents\github\opengl\컴그실습\debug\컴그실습.ilk
c:\users\dpthf\documents\github\opengl\컴그실습\debug\컴그실습.pdb
c:\users\dpthf\documents\github\opengl\컴그실습\컴그실습\debug\실습11.obj
c:\users\dpthf\documents\github\opengl\컴그실습\컴그실습\debug\실습12.obj
c:\users\dpthf\documents\github\opengl\컴그실습\컴그실습\debug\실습13.obj
c:\users\dpthf\documents\github\opengl\컴그실습\컴그실습\debug\실습14.obj
c:\users\dpthf\documents\github\opengl\컴그실습\컴그실습\debug\실습15.obj
c:\users\dpthf\documents\github\opengl\컴그실습\컴그실습\debug\실습16.obj
c:\users\dpthf\documents\github\opengl\컴그실습\컴그실습\debug\실습19.obj
c:\users\dpthf\documents\github\opengl\컴그실습\컴그실습\debug\컴그실습.tlog\cl.command.1.tlog
c:\users\dpthf\documents\github\opengl\컴그실습\컴그실습\debug\컴그실습.tlog\cl.read.1.tlog
c:\users\dpthf\documents\github\opengl\컴그실습\컴그실습\debug\컴그실습.tlog\cl.write.1.tlog
c:\users\dpthf\documents\github\opengl\컴그실습\컴그실습\debug\컴그실습.tlog\link.command.1.tlog
c:\users\dpthf\documents\github\opengl\컴그실습\컴그실습\debug\컴그실습.tlog\link.read.1.tlog
c:\users\dpthf\documents\github\opengl\컴그실습\컴그실습\debug\컴그실습.tlog\link.write.1.tlog
